0 info it worked if it ends with ok
1 verbose cli [ '/usr/bin/node', '/usr/bin/npm', 'install', '-g', 'foreman' ]
2 info using npm@1.4.28
3 info using node@v0.10.37
4 verbose node symlink /usr/bin/node
5 verbose cache add [ 'foreman', null ]
6 verbose cache add name=undefined spec="foreman" args=["foreman",null]
7 verbose parsed url { protocol: null,
7 verbose parsed url   slashes: null,
7 verbose parsed url   auth: null,
7 verbose parsed url   host: null,
7 verbose parsed url   port: null,
7 verbose parsed url   hostname: null,
7 verbose parsed url   hash: null,
7 verbose parsed url   search: null,
7 verbose parsed url   query: null,
7 verbose parsed url   pathname: 'foreman',
7 verbose parsed url   path: 'foreman',
7 verbose parsed url   href: 'foreman' }
8 silly lockFile faf84889-foreman foreman
9 verbose lock foreman /home/pablo/.npm/faf84889-foreman.lock
10 silly lockFile faf84889-foreman foreman
11 silly lockFile faf84889-foreman foreman
12 verbose addNamed [ 'foreman', '' ]
13 verbose addNamed [ null, '*' ]
14 silly lockFile 055239d3-foreman foreman@
15 verbose lock foreman@ /home/pablo/.npm/055239d3-foreman.lock
16 silly addNameRange { name: 'foreman', range: '*', hasData: false }
17 verbose request where is /foreman
18 verbose request registry https://registry.npmjs.org/
19 verbose request id 240b2639af692d8f
20 verbose url raw /foreman
21 verbose url resolving [ 'https://registry.npmjs.org/', './foreman' ]
22 verbose url resolved https://registry.npmjs.org/foreman
23 verbose request where is https://registry.npmjs.org/foreman
24 info trying registry request attempt 1 at 23:34:47
25 http GET https://registry.npmjs.org/foreman
26 http 200 https://registry.npmjs.org/foreman
27 silly registry.get cb [ 200,
27 silly registry.get   { server: 'CouchDB/1.5.0 (Erlang OTP/R16B03)',
27 silly registry.get     etag: '"4TWUKRLGQY4D4A33X4OII2B7Z"',
27 silly registry.get     'content-type': 'application/json',
27 silly registry.get     'cache-control': 'max-age=60',
27 silly registry.get     'content-length': '57027',
27 silly registry.get     'accept-ranges': 'bytes',
27 silly registry.get     date: 'Fri, 24 Jul 2015 02:34:48 GMT',
27 silly registry.get     via: '1.1 varnish',
27 silly registry.get     age: '0',
27 silly registry.get     connection: 'keep-alive',
27 silly registry.get     'x-served-by': 'cache-atl6223-ATL',
27 silly registry.get     'x-cache': 'HIT',
27 silly registry.get     'x-cache-hits': '1',
27 silly registry.get     'x-timer': 'S1437705288.924483,VS0,VE28',
27 silly registry.get     vary: 'Accept' } ]
28 silly addNameRange number 2 { name: 'foreman', range: '*', hasData: true }
29 silly addNameRange versions [ 'foreman',
29 silly addNameRange   [ '0.0.0',
29 silly addNameRange     '0.0.1',
29 silly addNameRange     '0.0.2',
29 silly addNameRange     '0.0.3',
29 silly addNameRange     '0.0.4',
29 silly addNameRange     '0.0.5',
29 silly addNameRange     '0.0.6',
29 silly addNameRange     '0.0.8',
29 silly addNameRange     '0.0.9',
29 silly addNameRange     '0.0.10',
29 silly addNameRange     '0.0.11',
29 silly addNameRange     '0.0.12',
29 silly addNameRange     '0.0.13',
29 silly addNameRange     '0.0.14',
29 silly addNameRange     '0.0.15',
29 silly addNameRange     '0.0.16',
29 silly addNameRange     '0.0.17',
29 silly addNameRange     '0.0.18',
29 silly addNameRange     '0.0.19',
29 silly addNameRange     '0.0.20',
29 silly addNameRange     '0.0.21',
29 silly addNameRange     '0.0.22',
29 silly addNameRange     '0.0.23',
29 silly addNameRange     '0.0.24',
29 silly addNameRange     '0.0.25',
29 silly addNameRange     '0.0.26',
29 silly addNameRange     '0.0.27',
29 silly addNameRange     '0.1.0',
29 silly addNameRange     '0.1.1',
29 silly addNameRange     '0.1.2',
29 silly addNameRange     '0.2.0',
29 silly addNameRange     '0.2.1',
29 silly addNameRange     '0.3.0',
29 silly addNameRange     '0.4.0',
29 silly addNameRange     '0.4.1',
29 silly addNameRange     '0.4.2',
29 silly addNameRange     '1.0.0',
29 silly addNameRange     '1.1.0',
29 silly addNameRange     '1.2.0',
29 silly addNameRange     '1.2.1',
29 silly addNameRange     '1.3.0',
29 silly addNameRange     '1.4.0',
29 silly addNameRange     '1.4.1' ] ]
30 verbose addNamed [ 'foreman', '1.4.1' ]
31 verbose addNamed [ '1.4.1', '1.4.1' ]
32 silly lockFile caed99be-foreman-1-4-1 foreman@1.4.1
33 verbose lock foreman@1.4.1 /home/pablo/.npm/caed99be-foreman-1-4-1.lock
34 silly lockFile 6b081294-js-org-foreman-foreman-1-4-1-tgz https://registry.npmjs.org/foreman/-/foreman-1.4.1.tgz
35 verbose lock https://registry.npmjs.org/foreman/-/foreman-1.4.1.tgz /home/pablo/.npm/6b081294-js-org-foreman-foreman-1-4-1-tgz.lock
36 verbose addRemoteTarball [ 'https://registry.npmjs.org/foreman/-/foreman-1.4.1.tgz',
36 verbose addRemoteTarball   '58b61fb6d814c694ddf2fb75b0573606257b10e3' ]
37 info retry fetch attempt 1 at 23:34:49
38 verbose fetch to= /tmp/npm-4073-prSFgcHS/registry.npmjs.org/foreman/-/foreman-1.4.1.tgz
39 http GET https://registry.npmjs.org/foreman/-/foreman-1.4.1.tgz
40 http 200 https://registry.npmjs.org/foreman/-/foreman-1.4.1.tgz
41 silly lockFile 6b081294-js-org-foreman-foreman-1-4-1-tgz https://registry.npmjs.org/foreman/-/foreman-1.4.1.tgz
42 silly lockFile 6b081294-js-org-foreman-foreman-1-4-1-tgz https://registry.npmjs.org/foreman/-/foreman-1.4.1.tgz
43 silly lockFile caed99be-foreman-1-4-1 foreman@1.4.1
44 silly lockFile caed99be-foreman-1-4-1 foreman@1.4.1
45 silly lockFile 055239d3-foreman foreman@
46 silly lockFile 055239d3-foreman foreman@
47 silly resolved [ { name: 'foreman',
47 silly resolved     version: '1.4.1',
47 silly resolved     homepage: 'http://strongloop.github.io/node-foreman/',
47 silly resolved     description: 'Node Implementation of Foreman',
47 silly resolved     author: { name: 'StrongLoop, Inc.' },
47 silly resolved     license: 'MIT',
47 silly resolved     keywords: [ 'foreman', 'upstart', 'commandline', 'env', 'Procfile' ],
47 silly resolved     bin: { nf: 'nf.js' },
47 silly resolved     files: [ 'forward.js', 'nf.js', 'proxy.js', 'lib/' ],
47 silly resolved     scripts:
47 silly resolved      { test: 'tap test',
47 silly resolved        lint: 'jshint *.js lib/*.js',
47 silly resolved        travis: 'npm test && npm run lint' },
47 silly resolved     dependencies:
47 silly resolved      { commander: '~2.1.0',
47 silly resolved        'http-proxy': '~1.11.1',
47 silly resolved        mu2: '~0.5.20',
47 silly resolved        'shell-quote': '~1.4.2' },
47 silly resolved     repository:
47 silly resolved      { type: 'git',
47 silly resolved        url: 'git+https://github.com/strongloop/node-foreman.git' },
47 silly resolved     bugs:
47 silly resolved      { url: 'https://github.com/strongloop/node-foreman/issues',
47 silly resolved        email: 'callback@strongloop.com' },
47 silly resolved     engines: { node: '>=0.6.9' },
47 silly resolved     preferGlobal: true,
47 silly resolved     devDependencies:
47 silly resolved      { chai: '~1.9.1',
47 silly resolved        jshint: '^2.6.3',
47 silly resolved        rimraf: '~2.2.8',
47 silly resolved        tap: '~0.4.8' },
47 silly resolved     gitHead: '29da533f9b62d628bd722367c54b7c6fec584af3',
47 silly resolved     _id: 'foreman@1.4.1',
47 silly resolved     _shasum: '58b61fb6d814c694ddf2fb75b0573606257b10e3',
47 silly resolved     _from: 'foreman@',
47 silly resolved     _npmVersion: '2.11.1',
47 silly resolved     _nodeVersion: '2.2.1',
47 silly resolved     _npmUser: { name: 'rmg', email: 'r.m.graham@gmail.com' },
47 silly resolved     maintainers: [ [Object], [Object], [Object] ],
47 silly resolved     dist:
47 silly resolved      { shasum: '58b61fb6d814c694ddf2fb75b0573606257b10e3',
47 silly resolved        tarball: 'http://registry.npmjs.org/foreman/-/foreman-1.4.1.tgz' },
47 silly resolved     directories: {},
47 silly resolved     _resolved: 'https://registry.npmjs.org/foreman/-/foreman-1.4.1.tgz' } ]
48 info install foreman@1.4.1 into /usr/lib
49 info installOne foreman@1.4.1
50 verbose lib/node_modules/foreman unbuild
51 verbose tar unpack /home/pablo/.npm/foreman/1.4.1/package.tgz
52 silly lockFile c538932c-tar-usr-lib-node-modules-foreman tar:///usr/lib/node_modules/foreman
53 verbose lock tar:///usr/lib/node_modules/foreman /home/pablo/.npm/c538932c-tar-usr-lib-node-modules-foreman.lock
54 silly lockFile d709cb08-lo-npm-foreman-1-4-1-package-tgz tar:///home/pablo/.npm/foreman/1.4.1/package.tgz
55 verbose lock tar:///home/pablo/.npm/foreman/1.4.1/package.tgz /home/pablo/.npm/d709cb08-lo-npm-foreman-1-4-1-package-tgz.lock
56 silly gunzTarPerm modes [ '775', '664' ]
57 error Error: EACCES, mkdir '/usr/lib/node_modules/foreman'
57 error  { [Error: EACCES, mkdir '/usr/lib/node_modules/foreman']
57 error   errno: 3,
57 error   code: 'EACCES',
57 error   path: '/usr/lib/node_modules/foreman',
57 error   fstream_type: 'Directory',
57 error   fstream_path: '/usr/lib/node_modules/foreman',
57 error   fstream_class: 'DirWriter',
57 error   fstream_stack:
57 error    [ '/usr/lib/node_modules/npm/node_modules/fstream/lib/dir-writer.js:36:23',
57 error      '/usr/lib/node_modules/npm/node_modules/mkdirp/index.js:46:53',
57 error      'Object.oncomplete (fs.js:108:15)' ] }
58 error Please try running this command again as root/Administrator.
59 error System Linux 3.16.0-44-generic
60 error command "/usr/bin/node" "/usr/bin/npm" "install" "-g" "foreman"
61 error cwd /home/pablo/GitHub/BuenosAires-WebServices/servicesBSAS
62 error node -v v0.10.37
63 error npm -v 1.4.28
64 error path /usr/lib/node_modules/foreman
65 error fstream_path /usr/lib/node_modules/foreman
66 error fstream_type Directory
67 error fstream_class DirWriter
68 error code EACCES
69 error errno 3
70 error stack Error: EACCES, mkdir '/usr/lib/node_modules/foreman'
71 error fstream_stack /usr/lib/node_modules/npm/node_modules/fstream/lib/dir-writer.js:36:23
71 error fstream_stack /usr/lib/node_modules/npm/node_modules/mkdirp/index.js:46:53
71 error fstream_stack Object.oncomplete (fs.js:108:15)
72 verbose exit [ 3, true ]
